APPLICATION	CarMaker 8.0.1 - Car_Generic #6010 (win64-8.0.1)
COMPILED	fh@obelix.ipg 2019-06-28 12:13:01
SIM_START	unknown	2020-06-07 17:11:34
TIME	0.000
SIMULATE	unknown

SIM_END		unknown	0s	0m
APPLICATION	CarMaker 8.0.1 - Car_Generic #6010 (win64-8.0.1)
COMPILED	fh@obelix.ipg 2019-06-28 12:13:01
SIM_START	unknown	2020-06-07 17:14:17
TIME	0.000
SIMULATE	unknown

SIM_END		unknown	0s	0m
APPLICATION	CarMaker 8.0.1 - Car_Generic #6010 (win64-8.0.1)
COMPILED	fh@obelix.ipg 2019-06-28 12:13:01
SIM_START	Test2	2020-06-07 17:16:51
TIME	0.000
SIMULATE	Test2

SIM_END		Test2	0s	0m
APPLICATION	CarMaker 8.0.1 - Car_Generic #6010 (win64-8.0.1)
COMPILED	fh@obelix.ipg 2019-06-28 12:13:01
SIM_START	Test2	2020-06-07 17:18:57
TIME	0.000
SIMULATE	Test2

SIM_END		Test2	0s	0m
APPLICATION	CarMaker 8.0.1 - Car_Generic #6010 (win64-8.0.1)
COMPILED	fh@obelix.ipg 2019-06-28 12:13:01
SIM_START	Test2	2020-06-07 17:19:35
TIME	0.000
SIMULATE	Test2

SIM_END		Test2	0s	0m
APPLICATION	CarMaker 8.0.1 - Car_Generic #6010 (win64-8.0.1)
COMPILED	fh@obelix.ipg 2019-06-28 12:13:01
SIM_START	Test2	2020-06-07 17:21:22
TIME	0.000
SIMULATE	Test2

SIM_END		Test2	0s	0m
APPLICATION	CarMaker 8.0.1 - Car_Generic #6010 (win64-8.0.1)
COMPILED	fh@obelix.ipg 2019-06-28 12:13:01
SIM_START	Test2	2020-06-07 17:22:43
TIME	0.000
SIMULATE	Test2

SIM_END		Test2	0s	0m
APPLICATION	CarMaker 8.0.1 - Car_Generic #6010 (win64-8.0.1)
COMPILED	fh@obelix.ipg 2019-06-28 12:13:01
SIM_START	Test2	2020-06-07 17:23:30
TIME	0.000
SIMULATE	Test2

SIM_END		Test2	0s	0m
APPLICATION	CarMaker 8.0.1 - Car_Generic #6010 (win64-8.0.1)
COMPILED	fh@obelix.ipg 2019-06-28 12:13:01
SIM_START	Test2	2020-06-07 17:26:20
TIME	0.000
SIMULATE	Test2

SIM_END		Test2	0s	0m
APPLICATION	CarMaker 8.0.1 - Car_Generic #6010 (win64-8.0.1)
COMPILED	fh@obelix.ipg 2019-06-28 12:13:01
SIM_START	Test2	2020-06-07 17:28:24
TIME	0.000
SIMULATE	Test2

TIME	90.003
SIM_END		Test2	90.002s	636.273m
APPLICATION	CarMaker 8.0.1 - Car_Generic #6010 (win64-8.0.1)
COMPILED	fh@obelix.ipg 2019-06-28 12:13:01
SIM_START	Test2	2020-06-07 17:33:17
TIME	0.000
SIMULATE	Test2

SIM_END		Test2	0s	0m
APPLICATION	CarMaker 8.0.1 - Car_Generic #6010 (win64-8.0.1)
COMPILED	fh@obelix.ipg 2019-06-28 12:13:01
SIM_START	Test2	2020-06-07 17:36:54
TIME	0.000
SIMULATE	Test2

SIM_END		Test2	0s	0m
APPLICATION	CarMaker 8.0.1 - Car_Generic #6010 (win64-8.0.1)
COMPILED	fh@obelix.ipg 2019-06-28 12:13:01
SIM_START	Test2	2020-06-07 17:38:05
TIME	0.000
SIMULATE	Test2

SIM_END		Test2	0s	0m
APPLICATION	CarMaker 8.0.1 - Car_Generic #6010 (win64-8.0.1)
COMPILED	fh@obelix.ipg 2019-06-28 12:13:01
SIM_START	Test2	2020-06-07 17:39:24
TIME	0.000
SIMULATE	Test2

SIM_END		Test2	0.001s	9.40468e-012m
APPLICATION	CarMaker 8.0.1 - Car_Generic #6010 (win64-8.0.1)
COMPILED	fh@obelix.ipg 2019-06-28 12:13:01
SIM_START	Test2	2020-06-07 17:40:38
TIME	0.000
SIMULATE	Test2

SIM_END		Test2	0.579s	0.134234m
APPLICATION	CarMaker 8.0.1 - Car_Generic #6010 (win64-8.0.1)
COMPILED	fh@obelix.ipg 2019-06-28 12:13:01
SIM_START	Test2	2020-06-07 17:41:38
TIME	0.000
SIMULATE	Test2

SIM_END		Test2	0.579s	0.134234m
APPLICATION	CarMaker 8.0.1 - Car_Generic #6010 (win64-8.0.1)
COMPILED	fh@obelix.ipg 2019-06-28 12:13:01
SIM_START	Test2	2020-06-07 17:42:39
TIME	0.000
SIMULATE	Test2

TIME	2.263
SIM_END		Test2	2.259s	10.4409m
APPLICATION	CarMaker 8.0.1 - Car_Generic #6010 (win64-8.0.1)
COMPILED	fh@obelix.ipg 2019-06-28 12:13:01
SIM_START	Test2	2020-06-07 17:45:02
TIME	0.000
SIMULATE	Test2

TIME	2.263
SIM_END		Test2	2.259s	10.4409m
APPLICATION	CarMaker 8.0.1 - Car_Generic #6010 (win64-8.0.1)
COMPILED	fh@obelix.ipg 2019-06-28 12:13:01
SIM_START	Test2	2020-06-07 17:46:05
TIME	0.000
SIMULATE	Test2

TIME	24.296
SIM_END		Test2	24.292s	457.891m
APPLICATION	CarMaker 8.0.1 - Car_Generic #6010 (win64-8.0.1)
COMPILED	fh@obelix.ipg 2019-06-28 12:13:01
SIM_START	Test2	2020-06-07 17:52:36
TIME	0.000
SIMULATE	Test2

TIME	90.003
SIM_END		Test2	90.002s	630.075m
APPLICATION	CarMaker 8.0.1 - Car_Generic #6010 (win64-8.0.1)
COMPILED	fh@obelix.ipg 2019-06-28 12:13:01
SIM_START	Test2	2020-06-07 18:00:38
TIME	0.000
SIMULATE	Test2

SIM_END		Test2	0s	0m
APPLICATION	CarMaker 8.0.1 - Car_Generic #6010 (win64-8.0.1)
COMPILED	fh@obelix.ipg 2019-06-28 12:13:01
SIM_START	Test2	2020-06-07 18:01:34
TIME	0.000
SIMULATE	Test2

SIM_END		Test2	0s	0m
APPLICATION	CarMaker 8.0.1 - Car_Generic #6010 (win64-8.0.1)
COMPILED	fh@obelix.ipg 2019-06-28 12:13:01
SIM_START	Test2	2020-06-07 18:01:51
TIME	0.000
SIMULATE	Test2

TIME	90.003
SIM_END		Test2	90.002s	629.812m
APPLICATION	CarMaker 8.0.1 - Car_Generic #6010 (win64-8.0.1)
COMPILED	fh@obelix.ipg 2019-06-28 12:13:01
SIM_START	Test2	2020-06-07 18:02:46
TIME	0.000
SIMULATE	Test2

TIME	24.345
SIM_END		Test2	24.341s	458.98m
APPLICATION	CarMaker 8.0.1 - Car_Generic #6010 (win64-8.0.1)
COMPILED	fh@obelix.ipg 2019-06-28 12:13:01
SIM_START	Test2	2020-06-07 18:20:28
TIME	0.000
SIMULATE	Test2

TIME	29.562
SIM_END		Test2	29.561s	547.349m
APPLICATION	CarMaker 8.0.1 - Car_Generic #6010 (win64-8.0.1)
COMPILED	fh@obelix.ipg 2019-06-28 12:13:01
SIM_START	Test2	2020-06-07 18:22:21
TIME	0.000
SIMULATE	Test2

TIME	26.813
SIM_END		Test2	26.812s	602.53m
APPLICATION	CarMaker 8.0.1 - Car_Generic #6010 (win64-8.0.1)
COMPILED	fh@obelix.ipg 2019-06-28 12:13:01
SIM_START	Test2	2020-06-07 18:26:12
TIME	0.000
SIMULATE	Test2

TIME	5.720
SIM_END		Test2	5.716s	14.8477m
APPLICATION	CarMaker 8.0.1 - Car_Generic #6010 (win64-8.0.1)
COMPILED	fh@obelix.ipg 2019-06-28 12:13:01
SIM_START	Test2	2020-06-07 18:27:00
TIME	0.000
SIMULATE	Test2

TIME	242.449
SIM_END		Test2	242.445s	0.0975066m
APPLICATION	CarMaker 8.0.1 - Car_Generic #6010 (win64-8.0.1)
COMPILED	fh@obelix.ipg 2019-06-28 12:13:01
SIM_START	Test2	2020-06-07 18:27:22
TIME	0.000
SIMULATE	Test2

TIME	5.367
SIM_END		Test2	5.363s	12.4354m
APPLICATION	CarMaker 8.0.1 - Car_Generic #6010 (win64-8.0.1)
COMPILED	fh@obelix.ipg 2019-06-28 12:13:01
SIM_START	Test2	2020-06-07 18:27:51
TIME	0.000
SIMULATE	Test2

TIME	21.046
SIM_END		Test2	21.045s	549.819m
APPLICATION	CarMaker 8.0.1 - Car_Generic #6010 (win64-8.0.1)
COMPILED	fh@obelix.ipg 2019-06-28 12:13:01
SIM_START	Test2	2020-06-07 18:31:48
TIME	0.000
SIMULATE	Test2

TIME	11.901
SIM_END		Test2	11.9s	295.849m
APPLICATION	CarMaker 8.0.1 - Car_Generic #6010 (win64-8.0.1)
COMPILED	fh@obelix.ipg 2019-06-28 12:13:01
SIM_START	Test2	2020-06-07 18:33:22
TIME	0.000
SIMULATE	Test2

TIME	8.611
SIM_END		Test2	8.61s	138.79m
APPLICATION	CarMaker 8.0.1 - Car_Generic #6010 (win64-8.0.1)
COMPILED	fh@obelix.ipg 2019-06-28 12:13:01
SIM_START	Test2	2020-06-07 18:35:47
TIME	0.000
SIMULATE	Test2

TIME	13.033
SIM_END		Test2	13.032s	295.834m
APPLICATION	CarMaker 8.0.1 - Car_Generic #6010 (win64-8.0.1)
COMPILED	fh@obelix.ipg 2019-06-28 12:13:01
SIM_START	Test2	2020-06-07 18:37:31
TIME	0.000
SIMULATE	Test2

SIM_END		Test2	1.579s	7.76111m
