APPLICATION	CarMaker 8.0.1 - Car_Generic #6010 (win64-8.0.1)
COMPILED	fh@obelix.ipg 2019-06-28 12:13:01
SIM_START	Test2	2020-06-10 10:24:33
TIME	0.000
SIMULATE	Test2

TIME	18.291
SIM_END		Test2	18.29s	495.849m
APPLICATION	CarMaker 8.0.1 - Car_Generic #6010 (win64-8.0.1)
COMPILED	fh@obelix.ipg 2019-06-28 12:13:01
SIM_START	Test2	2020-06-10 10:24:52
TIME	0.000
SIMULATE	Test2

TIME	18.291
SIM_END		Test2	18.29s	495.849m
APPLICATION	CarMaker 8.0.1 - Car_Generic #6010 (win64-8.0.1)
COMPILED	fh@obelix.ipg 2019-06-28 12:13:01
SIM_START	Test2	2020-06-10 10:25:26
TIME	0.000
SIMULATE	Test2

TIME	18.291
SIM_END		Test2	18.29s	495.849m
APPLICATION	CarMaker 8.0.1 - Car_Generic #6010 (win64-8.0.1)
COMPILED	fh@obelix.ipg 2019-06-28 12:13:01
SIM_START	Test2	2020-06-10 10:26:28
TIME	0.000
SIMULATE	Test2

TIME	419.739
SIM_END		Test2	419.735s	0.00348978m
APPLICATION	CarMaker 8.0.1 - Car_Generic #6010 (win64-8.0.1)
COMPILED	fh@obelix.ipg 2019-06-28 12:13:01
SIM_START	Test2	2020-06-10 10:27:07
TIME	0.000
SIMULATE	Test2

TIME	20.004
SIM_END		Test2	20s	5.63027e-005m
APPLICATION	CarMaker 8.0.1 - Car_Generic #6010 (win64-8.0.1)
COMPILED	fh@obelix.ipg 2019-06-28 12:13:01
SIM_START	Test2	2020-06-10 10:27:46
TIME	0.001
ERROR		HydBrakeControl: Unsupported file format (got 'CarMaker-ModelCheck 4', expected 'CarMaker-HydBrakeControl...')
ERROR		CM_Main.c: Initialization failed (CM_Main_Begin()=-3)
SIM_ABORT	Test2	0s	0m
APPLICATION	CarMaker 8.0.1 - Car_Generic #6010 (win64-8.0.1)
COMPILED	fh@obelix.ipg 2019-06-28 12:13:01
SIM_START	Test2	2020-06-10 10:28:06
TIME	0.000
SIMULATE	Test2

TIME	16.029
SIM_END		Test2	16.028s	366.276m
APPLICATION	CarMaker 8.0.1 - Car_Generic #6010 (win64-8.0.1)
COMPILED	fh@obelix.ipg 2019-06-28 12:13:01
SIM_START	Test2	2020-06-10 10:28:40
TIME	0.000
SIMULATE	Test2

TIME	19.759
SIM_END		Test2	19.758s	351.723m
APPLICATION	CarMaker 8.0.1 - Car_Generic #6010 (win64-8.0.1)
COMPILED	fh@obelix.ipg 2019-06-28 12:13:01
SIM_START	Test2	2020-06-10 10:29:34
TIME	0.000
SIMULATE	Test2

TIME	16.029
SIM_END		Test2	16.028s	366.276m
APPLICATION	CarMaker 8.0.1 - Car_Generic #6010 (win64-8.0.1)
COMPILED	fh@obelix.ipg 2019-06-28 12:13:01
SIM_START	Test2	2020-06-10 10:31:34
TIME	0.000
SIMULATE	Test2

TIME	19.759
SIM_END		Test2	19.758s	351.723m
APPLICATION	CarMaker 8.0.1 - Car_Generic #6010 (win64-8.0.1)
COMPILED	fh@obelix.ipg 2019-06-28 12:13:01
SIM_START	Test2	2020-06-10 10:39:56
TIME	0.000
SIMULATE	Test2

TIME	16.029
SIM_END		Test2	16.028s	366.276m
APPLICATION	CarMaker 8.0.1 - Car_Generic #6010 (win64-8.0.1)
COMPILED	fh@obelix.ipg 2019-06-28 12:13:01
SIM_START	Test2	2020-06-10 10:40:36
TIME	0.000
SIMULATE	Test2

TIME	16.029
SIM_END		Test2	16.028s	366.276m
APPLICATION	CarMaker 8.0.1 - Car_Generic #6010 (win64-8.0.1)
COMPILED	fh@obelix.ipg 2019-06-28 12:13:01
SIM_START	Test2	2020-06-10 10:47:51
TIME	0.000
SIMULATE	Test2

TIME	16.039
SIM_END		Test2	16.038s	368.405m
APPLICATION	CarMaker 8.0.1 - Car_Generic #6010 (win64-8.0.1)
COMPILED	fh@obelix.ipg 2019-06-28 12:13:01
SIM_START	Test2	2020-06-10 10:49:06
TIME	0.000
SIMULATE	Test2

TIME	16.594
SIM_END		Test2	16.593s	390.165m
APPLICATION	CarMaker 8.0.1 - Car_Generic #6010 (win64-8.0.1)
COMPILED	fh@obelix.ipg 2019-06-28 12:13:01
SIM_START	Test2	2020-06-10 10:52:27
TIME	0.000
SIMULATE	Test2

TIME	13.474
ERROR		Wheelspeed too high of tire 3: +19068.783
SIM_ABORT	Test2	13.476s	336.688m
APPLICATION	CarMaker 8.0.1 - Car_Generic #6010 (win64-8.0.1)
COMPILED	fh@obelix.ipg 2019-06-28 12:13:01
SIM_START	Test2	2020-06-10 10:52:58
TIME	0.000
SIMULATE	Test2

TIME	16.804
SIM_END		Test2	16.803s	378.892m
APPLICATION	CarMaker 8.0.1 - Car_Generic #6010 (win64-8.0.1)
COMPILED	fh@obelix.ipg 2019-06-28 12:13:01
SIM_START	Test2	2020-06-10 10:54:56
TIME	0.000
SIMULATE	Test2

TIME	13.474
ERROR		Wheelspeed too high of tire 3: +19068.783
SIM_ABORT	Test2	13.476s	336.688m
APPLICATION	CarMaker 8.0.1 - Car_Generic #6010 (win64-8.0.1)
COMPILED	fh@obelix.ipg 2019-06-28 12:13:01
SIM_START	Test2	2020-06-10 10:55:44
TIME	0.000
SIMULATE	Test2

TIME	16.804
SIM_END		Test2	16.803s	378.892m
APPLICATION	CarMaker 8.0.1 - Car_Generic #6010 (win64-8.0.1)
COMPILED	fh@obelix.ipg 2019-06-28 12:13:01
SIM_START	Test2	2020-06-10 10:58:32
TIME	0.000
SIMULATE	Test2

TIME	19.759
SIM_END		Test2	19.758s	351.723m
APPLICATION	CarMaker 8.0.1 - Car_Generic #6010 (win64-8.0.1)
COMPILED	fh@obelix.ipg 2019-06-28 12:13:01
SIM_START	Test2	2020-06-10 11:00:31
TIME	0.000
SIMULATE	Test2

TIME	16.029
SIM_END		Test2	16.028s	366.276m
APPLICATION	CarMaker 8.0.1 - Car_Generic #6010 (win64-8.0.1)
COMPILED	fh@obelix.ipg 2019-06-28 12:13:01
SIM_START	Test2	2020-06-10 11:00:58
TIME	0.000
SIMULATE	Test2

TIME	16.029
SIM_END		Test2	16.028s	366.276m
APPLICATION	CarMaker 8.0.1 - Car_Generic #6010 (win64-8.0.1)
COMPILED	fh@obelix.ipg 2019-06-28 12:13:01
SIM_START	Test2	2020-06-10 11:02:35
TIME	0.000
SIMULATE	Test2

TIME	13.474
ERROR		Wheelspeed too high of tire 3: +19068.783
SIM_ABORT	Test2	13.476s	336.688m
APPLICATION	CarMaker 8.0.1 - Car_Generic #6010 (win64-8.0.1)
COMPILED	fh@obelix.ipg 2019-06-28 12:13:01
SIM_START	Test2	2020-06-10 11:06:27
TIME	0.000
SIMULATE	Test2

TIME	16.804
SIM_END		Test2	16.803s	378.892m
