APPLICATION	CarMaker 8.0.1 - Car_Generic #6010 (win64-8.0.1)
COMPILED	fh@obelix.ipg 2019-06-28 12:13:01
SIM_START	Test2	2020-06-26 20:15:26
TIME	0.000
SIMULATE	Test2

TIME	20.678
SIM_END		Test2	20.677s	383.388m
APPLICATION	CarMaker 8.0.1 - Car_Generic #6010 (win64-8.0.1)
COMPILED	fh@obelix.ipg 2019-06-28 12:13:01
SIM_START	Test2	2020-06-26 20:16:42
TIME	0.000
SIMULATE	Test2

TIME	20.758
SIM_END		Test2	20.757s	372.91m
APPLICATION	CarMaker 8.0.1 - Car_Generic #6010 (win64-8.0.1)
COMPILED	fh@obelix.ipg 2019-06-28 12:13:01
SIM_START	Test2	2020-06-26 20:19:16
TIME	0.000
SIMULATE	Test2

TIME	20.758
SIM_END		Test2	20.757s	372.91m
APPLICATION	CarMaker 8.0.1 - Car_Generic #6010 (win64-8.0.1)
COMPILED	fh@obelix.ipg 2019-06-28 12:13:01
SIM_START	Test2	2020-06-26 20:21:29
TIME	0.000
SIMULATE	Test2

TIME	20.758
SIM_END		Test2	20.757s	372.91m
APPLICATION	CarMaker 8.0.1 - Car_Generic #6010 (win64-8.0.1)
COMPILED	fh@obelix.ipg 2019-06-28 12:13:01
SIM_START	Test2	2020-06-26 20:21:56
TIME	0.000
SIMULATE	Test2

TIME	12.464
SIM_END		Test2	12.46s	310.153m
APPLICATION	CarMaker 8.0.1 - Car_Generic #6010 (win64-8.0.1)
COMPILED	fh@obelix.ipg 2019-06-28 12:13:01
SIM_START	Test2	2020-06-26 20:22:39
TIME	0.000
SIMULATE	Test2

TIME	20.758
SIM_END		Test2	20.757s	372.91m
APPLICATION	CarMaker 8.0.1 - Car_Generic #6010 (win64-8.0.1)
COMPILED	fh@obelix.ipg 2019-06-28 12:13:01
SIM_START	Test2	2020-06-26 20:23:44
TIME	0.000
SIMULATE	Test2

TIME	20.758
SIM_END		Test2	20.757s	372.91m
APPLICATION	CarMaker 8.0.1 - Car_Generic #6010 (win64-8.0.1)
COMPILED	fh@obelix.ipg 2019-06-28 12:13:01
SIM_START	Test2	2020-06-26 20:24:59
TIME	0.000
SIMULATE	Test2

TIME	13.175
SIM_END		Test2	13.171s	330.077m
APPLICATION	CarMaker 8.0.1 - Car_Generic #6010 (win64-8.0.1)
COMPILED	fh@obelix.ipg 2019-06-28 12:13:01
SIM_START	Test2	2020-06-26 20:25:11
TIME	0.000
SIMULATE	Test2

TIME	20.758
SIM_END		Test2	20.757s	372.91m
APPLICATION	CarMaker 8.0.1 - Car_Generic #6010 (win64-8.0.1)
COMPILED	fh@obelix.ipg 2019-06-28 12:13:01
SIM_START	Test2	2020-06-26 20:28:40
TIME	0.000
SIMULATE	Test2

TIME	20.678
SIM_END		Test2	20.677s	383.388m
APPLICATION	CarMaker 8.0.1 - Car_Generic #6010 (win64-8.0.1)
COMPILED	fh@obelix.ipg 2019-06-28 12:13:01
SIM_START	Test2	2020-06-26 20:32:01
TIME	0.000
SIMULATE	Test2

TIME	20.678
SIM_END		Test2	20.677s	383.388m
APPLICATION	CarMaker 8.0.1 - Car_Generic #6010 (win64-8.0.1)
COMPILED	fh@obelix.ipg 2019-06-28 12:13:01
SIM_START	Test2	2020-06-26 20:33:50
TIME	0.000
SIMULATE	Test2

TIME	20.758
SIM_END		Test2	20.757s	372.91m
APPLICATION	CarMaker 8.0.1 - Car_Generic #6010 (win64-8.0.1)
COMPILED	fh@obelix.ipg 2019-06-28 12:13:01
SIM_START	Test2	2020-06-26 20:34:59
TIME	0.000
SIMULATE	Test2

TIME	20.758
SIM_END		Test2	20.757s	372.91m
APPLICATION	CarMaker 8.0.1 - Car_Generic #6010 (win64-8.0.1)
COMPILED	fh@obelix.ipg 2019-06-28 12:13:01
SIM_START	Test2	2020-06-26 20:36:48
TIME	0.000
SIMULATE	Test2

TIME	21.432
SIM_END		Test2	21.431s	377.241m
APPLICATION	CarMaker 8.0.1 - Car_Generic #6010 (win64-8.0.1)
COMPILED	fh@obelix.ipg 2019-06-28 12:13:01
SIM_START	Test2	2020-06-26 20:38:09
TIME	0.000
SIMULATE	Test2

TIME	21.432
SIM_END		Test2	21.431s	377.241m
APPLICATION	CarMaker 8.0.1 - Car_Generic #6010 (win64-8.0.1)
COMPILED	fh@obelix.ipg 2019-06-28 12:13:01
SIM_START	Test2	2020-06-26 20:39:50
TIME	0.000
SIMULATE	Test2

TIME	22.242
SIM_END		Test2	22.241s	393.121m
