APPLICATION	CarMaker 8.0.1 - Car_Generic #6007 (win64-8.0.1)
COMPILED	fh@obelix.ipg 2019-06-28 12:12:47
FIRST_INIT	(internal default used)	2020-06-01 16:31:44
TIME	0.000
SIM_END			0s	0m
IDLE	16:31:44
SIM_START	Examples/VehicleDynamics/Braking/Braking	2020-06-01 16:31:46
TIME	0.000
SIMULATE	Examples/VehicleDynamics/Braking/Braking

TIME	42.892
SIM_END		Examples/VehicleDynamics/Braking/Braking	42.883s	671.368m
SIM_START	Examples/VehicleDynamics/Braking/BrakingMuSplit	2020-06-01 16:32:09
TIME	0.000
SIMULATE	Examples/VehicleDynamics/Braking/BrakingMuSplit

TIME	38.826
		Braking distance: 65.29 m
SIM_END		Examples/VehicleDynamics/Braking/BrakingMuSplit	38.826s	711.889m
TIME	45.974
SIM_START	Examples/VehicleDynamics/Braking/BrakingMuSplit	2020-06-01 16:33:23
TIME	0.000
SIMULATE	Examples/VehicleDynamics/Braking/BrakingMuSplit

TIME	38.826
		Braking distance: 65.29 m
SIM_END		Examples/VehicleDynamics/Braking/BrakingMuSplit	38.826s	711.889m
TIME	41.236
SIM_START	Examples/VehicleDynamics/Braking/BrakingMuSplit	2020-06-01 16:33:49
TIME	0.000
SIMULATE	Examples/VehicleDynamics/Braking/BrakingMuSplit

TIME	38.826
		Braking distance: 65.29 m
SIM_END		Examples/VehicleDynamics/Braking/BrakingMuSplit	38.826s	711.889m
SHUTDOWN	CarMaker quick shutdown initiated

