APPLICATION	CarMaker 8.0.1 - Car_Generic #6010 (win64-8.0.1)
COMPILED	fh@obelix.ipg 2019-06-28 12:13:01
SIM_START	Test2	2020-06-17 21:35:22
TIME	0.000
SIMULATE	Test2

TIME	16.029
SIM_END		Test2	16.028s	366.276m
APPLICATION	CarMaker 8.0.1 - Car_Generic #6010 (win64-8.0.1)
COMPILED	fh@obelix.ipg 2019-06-28 12:13:01
SIM_START	Test2	2020-06-17 21:37:47
TIME	0.000
SIMULATE	Test2

TIME	16.029
SIM_END		Test2	16.028s	366.276m
APPLICATION	CarMaker 8.0.1 - Car_Generic #6010 (win64-8.0.1)
COMPILED	fh@obelix.ipg 2019-06-28 12:13:01
SIM_START	Test2	2020-06-17 21:44:48
TIME	0.000
SIMULATE	Test2

TIME	16.029
SIM_END		Test2	16.028s	366.276m
APPLICATION	CarMaker 8.0.1 - Car_Generic #6010 (win64-8.0.1)
COMPILED	fh@obelix.ipg 2019-06-28 12:13:01
SIM_START	Test2	2020-06-17 21:46:00
TIME	0.000
SIMULATE	Test2

TIME	16.029
SIM_END		Test2	16.028s	366.276m
APPLICATION	CarMaker 8.0.1 - Car_Generic #6010 (win64-8.0.1)
COMPILED	fh@obelix.ipg 2019-06-28 12:13:01
SIM_START	Test2	2020-06-17 21:46:58
TIME	0.000
SIMULATE	Test2

TIME	16.029
SIM_END		Test2	16.028s	366.276m
APPLICATION	CarMaker 8.0.1 - Car_Generic #6010 (win64-8.0.1)
COMPILED	fh@obelix.ipg 2019-06-28 12:13:01
SIM_START	Test2	2020-06-17 21:48:58
TIME	0.000
SIMULATE	Test2

TIME	16.029
SIM_END		Test2	16.028s	366.276m
APPLICATION	CarMaker 8.0.1 - Car_Generic #6010 (win64-8.0.1)
COMPILED	fh@obelix.ipg 2019-06-28 12:13:01
SIM_START	Test2	2020-06-17 21:49:28
TIME	0.000
SIMULATE	Test2

TIME	21.536
SIM_END		Test2	21.535s	373.919m
APPLICATION	CarMaker 8.0.1 - Car_Generic #6010 (win64-8.0.1)
COMPILED	fh@obelix.ipg 2019-06-28 12:13:01
SIM_START	Test2	2020-06-17 21:51:02
TIME	0.000
SIMULATE	Test2

TIME	20.483
SIM_END		Test2	20.482s	357.192m
APPLICATION	CarMaker 8.0.1 - Car_Generic #6010 (win64-8.0.1)
COMPILED	fh@obelix.ipg 2019-06-28 12:13:01
SIM_START	Test2	2020-06-17 21:51:54
TIME	0.000
SIMULATE	Test2

TIME	20.368
SIM_END		Test2	20.367s	353.087m
APPLICATION	CarMaker 8.0.1 - Car_Generic #6010 (win64-8.0.1)
COMPILED	fh@obelix.ipg 2019-06-28 12:13:01
SIM_START	Test2	2020-06-17 21:53:21
TIME	0.000
SIMULATE	Test2

TIME	20.304
SIM_END		Test2	20.303s	352.573m
APPLICATION	CarMaker 8.0.1 - Car_Generic #6010 (win64-8.0.1)
COMPILED	fh@obelix.ipg 2019-06-28 12:13:01
SIM_START	Test2	2020-06-17 21:54:27
TIME	0.000
SIMULATE	Test2

TIME	24.810
SIM_END		Test2	24.809s	431.53m
APPLICATION	CarMaker 8.0.1 - Car_Generic #6010 (win64-8.0.1)
COMPILED	fh@obelix.ipg 2019-06-28 12:13:01
SIM_START	Test2	2020-06-17 21:56:14
TIME	0.000
SIMULATE	Test2

TIME	13.500
SIM_END		Test2	13.496s	334.748m
APPLICATION	CarMaker 8.0.1 - Car_Generic #6010 (win64-8.0.1)
COMPILED	fh@obelix.ipg 2019-06-28 12:13:01
SIM_START	Test2	2020-06-17 21:56:50
TIME	0.000
SIMULATE	Test2

TIME	21.116
SIM_END		Test2	21.112s	489.978m
APPLICATION	CarMaker 8.0.1 - Car_Generic #6010 (win64-8.0.1)
COMPILED	fh@obelix.ipg 2019-06-28 12:13:01
SIM_START	Test2	2020-06-17 21:58:06
TIME	0.000
SIMULATE	Test2

TIME	21.827
SIM_END		Test2	21.826s	378.1m
APPLICATION	CarMaker 8.0.1 - Car_Generic #6010 (win64-8.0.1)
COMPILED	fh@obelix.ipg 2019-06-28 12:13:01
SIM_START	Test2	2020-06-17 21:59:38
TIME	0.000
SIMULATE	Test2

TIME	12.790
SIM_END		Test2	12.786s	319.048m
APPLICATION	CarMaker 8.0.1 - Car_Generic #6010 (win64-8.0.1)
COMPILED	fh@obelix.ipg 2019-06-28 12:13:01
SIM_START	Test2	2020-06-17 21:59:57
TIME	0.000
SIMULATE	Test2

TIME	21.827
SIM_END		Test2	21.826s	378.1m
APPLICATION	CarMaker 8.0.1 - Car_Generic #6010 (win64-8.0.1)
COMPILED	fh@obelix.ipg 2019-06-28 12:13:01
SIM_START	Test2	2020-06-17 22:02:36
TIME	0.000
SIMULATE	Test2

TIME	21.827
SIM_END		Test2	21.826s	378.1m
APPLICATION	CarMaker 8.0.1 - Car_Generic #6010 (win64-8.0.1)
COMPILED	fh@obelix.ipg 2019-06-28 12:13:01
SIM_START	Test2	2020-06-17 22:05:01
TIME	0.000
SIMULATE	Test2

TIME	23.574
SIM_END		Test2	23.573s	395.613m
APPLICATION	CarMaker 8.0.1 - Car_Generic #6010 (win64-8.0.1)
COMPILED	fh@obelix.ipg 2019-06-28 12:13:01
SIM_START	Test2	2020-06-17 22:05:36
TIME	0.000
SIMULATE	Test2

TIME	23.574
SIM_END		Test2	23.573s	395.613m
APPLICATION	CarMaker 8.0.1 - Car_Generic #6010 (win64-8.0.1)
COMPILED	fh@obelix.ipg 2019-06-28 12:13:01
SIM_START	Test2	2020-06-17 22:09:22
TIME	0.000
SIMULATE	Test2

TIME	14.600
ERROR		Vehicle leaves road at about x=353.514, y=11.4064 TireNo=3
SIM_ABORT	Test2	14.602s	352.994m
APPLICATION	CarMaker 8.0.1 - Car_Generic #6010 (win64-8.0.1)
COMPILED	fh@obelix.ipg 2019-06-28 12:13:01
SIM_START	Test2	2020-06-17 22:11:20
TIME	0.000
SIMULATE	Test2

TIME	22.242
SIM_END		Test2	22.241s	393.121m
APPLICATION	CarMaker 8.0.1 - Car_Generic #6010 (win64-8.0.1)
COMPILED	fh@obelix.ipg 2019-06-28 12:13:01
SIM_START	Test2	2020-06-17 22:13:06
TIME	0.000
SIMULATE	Test2

TIME	21.432
SIM_END		Test2	21.431s	377.241m
APPLICATION	CarMaker 8.0.1 - Car_Generic #6010 (win64-8.0.1)
COMPILED	fh@obelix.ipg 2019-06-28 12:13:01
SIM_START	Test2	2020-06-17 22:14:08
TIME	0.000
SIMULATE	Test2

TIME	21.432
SIM_END		Test2	21.431s	377.241m
APPLICATION	CarMaker 8.0.1 - Car_Generic #6010 (win64-8.0.1)
COMPILED	fh@obelix.ipg 2019-06-28 12:13:01
SIM_START	Test2	2020-06-17 22:17:24
TIME	0.000
SIMULATE	Test2

TIME	20.758
SIM_END		Test2	20.757s	372.91m
APPLICATION	CarMaker 8.0.1 - Car_Generic #6010 (win64-8.0.1)
COMPILED	fh@obelix.ipg 2019-06-28 12:13:01
SIM_START	Test2	2020-06-17 22:19:23
TIME	0.000
SIMULATE	Test2

TIME	20.758
SIM_END		Test2	20.757s	372.91m
APPLICATION	CarMaker 8.0.1 - Car_Generic #6010 (win64-8.0.1)
COMPILED	fh@obelix.ipg 2019-06-28 12:13:01
SIM_START	Test2	2020-06-17 22:23:26
TIME	0.000
SIMULATE	Test2

TIME	20.678
SIM_END		Test2	20.677s	383.388m
APPLICATION	CarMaker 8.0.1 - Car_Generic #6010 (win64-8.0.1)
COMPILED	fh@obelix.ipg 2019-06-28 12:13:01
SIM_START	Test2	2020-06-17 22:25:06
TIME	0.000
SIMULATE	Test2

TIME	22.242
SIM_END		Test2	22.241s	393.121m
APPLICATION	CarMaker 8.0.1 - Car_Generic #6010 (win64-8.0.1)
COMPILED	fh@obelix.ipg 2019-06-28 12:13:01
SIM_START	Test2	2020-06-17 22:27:11
TIME	0.000
SIMULATE	Test2

TIME	16.804
SIM_END		Test2	16.803s	378.892m
APPLICATION	CarMaker 8.0.1 - Car_Generic #6010 (win64-8.0.1)
COMPILED	fh@obelix.ipg 2019-06-28 12:13:01
SIM_START	Test2	2020-06-17 22:27:50
TIME	0.000
SIMULATE	Test2

TIME	22.242
SIM_END		Test2	22.241s	393.121m
APPLICATION	CarMaker 8.0.1 - Car_Generic #6010 (win64-8.0.1)
COMPILED	fh@obelix.ipg 2019-06-28 12:13:01
SIM_START	Test2	2020-06-17 22:29:41
TIME	0.001
ERROR		HydBrakeControl: Unsupported file format (got 'CarMaker-HydBrakeSystem-HydESP 3', expected 'CarMaker-HydBrakeControl...')
ERROR		CM_Main.c: Initialization failed (CM_Main_Begin()=-3)
SIM_ABORT	Test2	0s	0m
APPLICATION	CarMaker 8.0.1 - Car_Generic #6010 (win64-8.0.1)
COMPILED	fh@obelix.ipg 2019-06-28 12:13:01
SIM_START	Test2	2020-06-17 22:29:58
TIME	0.001
ERROR		HydBrakeControl: Unsupported file format (got 'CarMaker-HydBrakeSystem-HydESP 3', expected 'CarMaker-HydBrakeControl...')
ERROR		CM_Main.c: Initialization failed (CM_Main_Begin()=-3)
SIM_ABORT	Test2	0s	0m
APPLICATION	CarMaker 8.0.1 - Car_Generic #6010 (win64-8.0.1)
COMPILED	fh@obelix.ipg 2019-06-28 12:13:01
SIM_START	Test2	2020-06-17 22:30:34
TIME	0.000
SIMULATE	Test2

TIME	16.029
SIM_END		Test2	16.028s	366.276m
APPLICATION	CarMaker 8.0.1 - Car_Generic #6010 (win64-8.0.1)
COMPILED	fh@obelix.ipg 2019-06-28 12:13:01
SIM_START	Test2	2020-06-17 22:31:06
TIME	0.001
ERROR		HydBrakeControl: Unsupported file format (got 'CarMaker-HydBrakeSystem-HydESP 3', expected 'CarMaker-HydBrakeControl...')
ERROR		CM_Main.c: Initialization failed (CM_Main_Begin()=-3)
SIM_ABORT	Test2	0s	0m
APPLICATION	CarMaker 8.0.1 - Car_Generic #6010 (win64-8.0.1)
COMPILED	fh@obelix.ipg 2019-06-28 12:13:01
SIM_START	Test2	2020-06-17 22:31:14
TIME	0.001
ERROR		HydBrakeControl: Unsupported file format (got 'CarMaker-HydBrakeSystem-HydESP 3', expected 'CarMaker-HydBrakeControl...')
ERROR		CM_Main.c: Initialization failed (CM_Main_Begin()=-3)
SIM_ABORT	Test2	0s	0m
APPLICATION	CarMaker - SoftABS #6010 (win64-8.0.1)
COMPILED	fh@obelix.ipg 2019-06-28 12:13:01
SIM_START	Test2	2020-06-17 22:33:19
TIME	0.001
ERROR		HydBrakeControl: Unsupported file format (got 'CarMaker-HydBrakeSystem-HydESP 3', expected 'CarMaker-HydBrakeControl...')
ERROR		CM_Main.c: Initialization failed (CM_Main_Begin()=-3)
SIM_ABORT	Test2	0s	0m
APPLICATION	CarMaker - SoftABS #6010 (win64-8.0.1)
COMPILED	fh@obelix.ipg 2019-06-28 12:13:01
SIM_START	unknown	2020-06-17 22:35:15
TIME	0.001
ERROR		HydBrakeControl: Unsupported file format (got 'CarMaker-HydBrakeSystem-HydESP 3', expected 'CarMaker-HydBrakeControl...')
ERROR		CM_Main.c: Initialization failed (CM_Main_Begin()=-3)
SIM_ABORT	unknown	0s	0m
APPLICATION	CarMaker - SoftABS #6010 (win64-8.0.1)
COMPILED	fh@obelix.ipg 2019-06-28 12:13:01
SIM_START	unknown	2020-06-17 22:35:29
TIME	0.000
SIMULATE	unknown

TIME	16.273
SIM_END		unknown	16.272s	371.49m
