APPLICATION	CarMaker 8.0.1 - Car_Generic #6010 (win64-8.0.1)
COMPILED	fh@obelix.ipg 2019-06-28 12:13:01
SIM_START	Test2	2020-06-08 11:39:50
TIME	0.000
SIMULATE	Test2

TIME	6.079
ERROR		Wheelspeed too high of tire 2: +3847.610
ERROR		Wheelspeed too high of tire 3: +3852.053
SIM_ABORT	Test2	6.081s	103.755m
APPLICATION	CarMaker 8.0.1 - Car_Generic #6010 (win64-8.0.1)
COMPILED	fh@obelix.ipg 2019-06-28 12:13:01
SIM_START	Test2	2020-06-08 11:43:15
TIME	0.000
SIMULATE	Test2

TIME	7.701
SIM_END		Test2	7.7s	134.286m
APPLICATION	CarMaker 8.0.1 - Car_Generic #6010 (win64-8.0.1)
COMPILED	fh@obelix.ipg 2019-06-28 12:13:01
SIM_START	Test2	2020-06-08 11:45:03
TIME	0.000
SIMULATE	Test2

TIME	8.455
SIM_END		Test2	8.454s	138.678m
APPLICATION	CarMaker 8.0.1 - Car_Generic #6010 (win64-8.0.1)
COMPILED	fh@obelix.ipg 2019-06-28 12:13:01
SIM_START	Test2	2020-06-08 11:47:13
TIME	0.000
SIMULATE	Test2

TIME	8.665
SIM_END		Test2	8.664s	138.833m
APPLICATION	CarMaker 8.0.1 - Car_Generic #6010 (win64-8.0.1)
COMPILED	fh@obelix.ipg 2019-06-28 12:13:01
SIM_START	Test2	2020-06-08 11:49:23
TIME	0.000
SIMULATE	Test2

TIME	8.665
SIM_END		Test2	8.664s	138.833m
APPLICATION	CarMaker 8.0.1 - Car_Generic #6010 (win64-8.0.1)
COMPILED	fh@obelix.ipg 2019-06-28 12:13:01
SIM_START	Test2	2020-06-08 11:51:45
TIME	0.000
SIMULATE	Test2

TIME	8.664
SIM_END		Test2	8.663s	138.791m
APPLICATION	CarMaker 8.0.1 - Car_Generic #6010 (win64-8.0.1)
COMPILED	fh@obelix.ipg 2019-06-28 12:13:01
SIM_START	Test2	2020-06-08 11:53:05
TIME	0.000
SIMULATE	Test2

SIM_END		Test2	0.784s	1.49103m
APPLICATION	CarMaker 8.0.1 - Car_Generic #6010 (win64-8.0.1)
COMPILED	fh@obelix.ipg 2019-06-28 12:13:01
SIM_START	Test2	2020-06-08 11:54:01
TIME	0.000
SIMULATE	Test2

TIME	8.669
SIM_END		Test2	8.668s	138.921m
APPLICATION	CarMaker 8.0.1 - Car_Generic #6010 (win64-8.0.1)
COMPILED	fh@obelix.ipg 2019-06-28 12:13:01
SIM_START	Test2	2020-06-08 11:55:58
TIME	0.000
SIMULATE	Test2

TIME	8.669
SIM_END		Test2	8.668s	138.919m
APPLICATION	CarMaker 8.0.1 - Car_Generic #6010 (win64-8.0.1)
COMPILED	fh@obelix.ipg 2019-06-28 12:13:01
SIM_START	Test2	2020-06-08 11:57:27
TIME	0.000
SIMULATE	Test2

TIME	8.669
SIM_END		Test2	8.668s	138.917m
APPLICATION	CarMaker 8.0.1 - Car_Generic #6010 (win64-8.0.1)
COMPILED	fh@obelix.ipg 2019-06-28 12:13:01
SIM_START	Test2	2020-06-08 12:09:06
TIME	0.000
SIMULATE	Test2

SIM_END		Test2	0s	0m
APPLICATION	CarMaker 8.0.1 - Car_Generic #6010 (win64-8.0.1)
COMPILED	fh@obelix.ipg 2019-06-28 12:13:01
SIM_START	Test2	2020-06-08 12:10:24
TIME	0.000
SIMULATE	Test2

SIM_END		Test2	0s	0m
APPLICATION	CarMaker 8.0.1 - Car_Generic #6010 (win64-8.0.1)
COMPILED	fh@obelix.ipg 2019-06-28 12:13:01
SIM_START	Test2	2020-06-08 12:11:40
TIME	0.000
SIMULATE	Test2

SIM_END		Test2	0s	0m
