APPLICATION	CarMaker 8.0.1 - Car_Generic #6010 (win64-8.0.1)
COMPILED	fh@obelix.ipg 2019-06-28 12:13:01
SIM_START	Test2	2020-06-09 18:57:07
TIME	0.000
SIMULATE	Test2

TIME	3.567
ERROR		Wheelspeed too high of tire 0: +5483.233
SIM_ABORT	Test2	3.569s	47.336m
APPLICATION	CarMaker 8.0.1 - Car_Generic #6010 (win64-8.0.1)
COMPILED	fh@obelix.ipg 2019-06-28 12:13:01
SIM_START	Test2	2020-06-09 18:58:05
TIME	0.000
SIMULATE	Test2

TIME	3.567
ERROR		Wheelspeed too high of tire 0: +5483.233
SIM_ABORT	Test2	3.569s	47.336m
APPLICATION	CarMaker 8.0.1 - Car_Generic #6010 (win64-8.0.1)
COMPILED	fh@obelix.ipg 2019-06-28 12:13:01
SIM_START	Test2	2020-06-09 18:58:55
TIME	0.000
SIMULATE	Test2

ERROR		Pitch angle too high (-80.29 deg)
SIM_ABORT	Test2	1.145s	2.43747m
APPLICATION	CarMaker 8.0.1 - Car_Generic #6010 (win64-8.0.1)
COMPILED	fh@obelix.ipg 2019-06-28 12:13:01
SIM_START	Test2	2020-06-09 19:01:39
TIME	0.000
SIMULATE	Test2

SIM_END		Test2	0s	0m
APPLICATION	CarMaker 8.0.1 - Car_Generic #6010 (win64-8.0.1)
COMPILED	fh@obelix.ipg 2019-06-28 12:13:01
SIM_START	Test2	2020-06-09 19:02:41
TIME	0.000
SIMULATE	Test2

ERROR		Pitch angle too high (-80.29 deg)
SIM_ABORT	Test2	1.145s	2.43747m
APPLICATION	CarMaker 8.0.1 - Car_Generic #6010 (win64-8.0.1)
COMPILED	fh@obelix.ipg 2019-06-28 12:13:01
SIM_START	Test2	2020-06-09 19:03:10
TIME	0.000
SIMULATE	Test2

ERROR		Pitch angle too high (-80.29 deg)
SIM_ABORT	Test2	1.145s	2.43747m
APPLICATION	CarMaker 8.0.1 - Car_Generic #6010 (win64-8.0.1)
COMPILED	fh@obelix.ipg 2019-06-28 12:13:01
SIM_START	Test2	2020-06-09 19:17:42
TIME	0.000
SIMULATE	Test2

SIM_END		Test2	0s	0m
APPLICATION	CarMaker 8.0.1 - Car_Generic #6010 (win64-8.0.1)
COMPILED	fh@obelix.ipg 2019-06-28 12:13:01
SIM_START	Test2	2020-06-09 19:23:09
TIME	0.000
SIMULATE	Test2

SIM_END		Test2	0s	0m
APPLICATION	CarMaker 8.0.1 - Car_Generic #6010 (win64-8.0.1)
COMPILED	fh@obelix.ipg 2019-06-28 12:13:01
SIM_START	Test2	2020-06-09 19:24:35
TIME	0.000
SIMULATE	Test2

SIM_END		Test2	0s	0m
APPLICATION	CarMaker 8.0.1 - Car_Generic #6010 (win64-8.0.1)
COMPILED	fh@obelix.ipg 2019-06-28 12:13:01
SIM_START	Test2	2020-06-09 19:25:38
TIME	0.000
SIMULATE	Test2

SIM_END		Test2	0.323s	0.0809475m
APPLICATION	CarMaker 8.0.1 - Car_Generic #6010 (win64-8.0.1)
COMPILED	fh@obelix.ipg 2019-06-28 12:13:01
SIM_START	Test2	2020-06-09 19:26:11
TIME	0.000
SIMULATE	Test2

SIM_END		Test2	0.323s	0.0809475m
APPLICATION	CarMaker 8.0.1 - Car_Generic #6010 (win64-8.0.1)
COMPILED	fh@obelix.ipg 2019-06-28 12:13:01
SIM_START	Test2	2020-06-09 19:28:26
TIME	0.000
SIMULATE	Test2

ERROR		Pitch angle too high (-80.14 deg)
SIM_ABORT	Test2	1.145s	2.55925m
APPLICATION	CarMaker 8.0.1 - Car_Generic #6010 (win64-8.0.1)
COMPILED	fh@obelix.ipg 2019-06-28 12:13:01
SIM_START	Test2	2020-06-09 19:28:50
TIME	0.000
SIMULATE	Test2

ERROR		Pitch angle too high (-80.14 deg)
SIM_ABORT	Test2	1.145s	2.55925m
APPLICATION	CarMaker 8.0.1 - Car_Generic #6010 (win64-8.0.1)
COMPILED	fh@obelix.ipg 2019-06-28 12:13:01
SIM_START	Test2	2020-06-09 19:29:36
TIME	0.000
SIMULATE	Test2

ERROR		Pitch angle too high (-80.14 deg)
SIM_ABORT	Test2	1.145s	2.55925m
APPLICATION	CarMaker 8.0.1 - Car_Generic #6010 (win64-8.0.1)
COMPILED	fh@obelix.ipg 2019-06-28 12:13:01
SIM_START	Test2	2020-06-09 19:30:08
TIME	0.000
SIMULATE	Test2

ERROR		Wheelspeed too high of tire 0: +8234.747
ERROR		Wheelspeed too high of tire 1: +8226.989
SIM_ABORT	Test2	1.223s	3.82491m
APPLICATION	CarMaker 8.0.1 - Car_Generic #6010 (win64-8.0.1)
COMPILED	fh@obelix.ipg 2019-06-28 12:13:01
SIM_START	Test2	2020-06-09 19:31:29
TIME	0.000
SIMULATE	Test2

ERROR		Wheelspeed too high of tire 0: +8234.747
ERROR		Wheelspeed too high of tire 1: +8226.989
SIM_ABORT	Test2	1.223s	3.82491m
APPLICATION	CarMaker 8.0.1 - Car_Generic #6010 (win64-8.0.1)
COMPILED	fh@obelix.ipg 2019-06-28 12:13:01
SIM_START	Test2	2020-06-09 19:33:04
TIME	0.000
SIMULATE	Test2

TIME	11.737
SIM_END		Test2	11.736s	260.38m
APPLICATION	CarMaker 8.0.1 - Car_Generic #6010 (win64-8.0.1)
COMPILED	fh@obelix.ipg 2019-06-28 12:13:01
SIM_START	Test2	2020-06-09 19:35:05
TIME	0.000
SIMULATE	Test2

TIME	12.857
SIM_END		Test2	12.856s	265.805m
APPLICATION	CarMaker 8.0.1 - Car_Generic #6010 (win64-8.0.1)
COMPILED	fh@obelix.ipg 2019-06-28 12:13:01
SIM_START	Test2	2020-06-09 19:46:35
TIME	0.000
SIMULATE	Test2

TIME	12.857
SIM_END		Test2	12.856s	265.805m
APPLICATION	CarMaker 8.0.1 - Car_Generic #6010 (win64-8.0.1)
COMPILED	fh@obelix.ipg 2019-06-28 12:13:01
SIM_START	Test2	2020-06-09 19:47:16
TIME	0.000
SIMULATE	Test2

TIME	12.857
SIM_END		Test2	12.856s	265.805m
APPLICATION	CarMaker 8.0.1 - Car_Generic #6010 (win64-8.0.1)
COMPILED	fh@obelix.ipg 2019-06-28 12:13:01
SIM_START	Test2	2020-06-09 19:53:25
TIME	0.000
SIMULATE	Test2

TIME	12.857
SIM_END		Test2	12.856s	265.805m
APPLICATION	CarMaker 8.0.1 - Car_Generic #6010 (win64-8.0.1)
COMPILED	fh@obelix.ipg 2019-06-28 12:13:01
SIM_START	Test2	2020-06-09 19:54:34
TIME	0.000
SIMULATE	Test2

TIME	12.857
SIM_END		Test2	12.856s	265.805m
APPLICATION	CarMaker 8.0.1 - Car_Generic #6010 (win64-8.0.1)
COMPILED	fh@obelix.ipg 2019-06-28 12:13:01
SIM_START	Test2	2020-06-09 19:54:53
TIME	0.000
SIMULATE	Test2

TIME	12.857
SIM_END		Test2	12.856s	265.805m
APPLICATION	CarMaker 8.0.1 - Car_Generic #6010 (win64-8.0.1)
COMPILED	fh@obelix.ipg 2019-06-28 12:13:01
SIM_START	Test2	2020-06-09 19:58:26
TIME	0.000
SIMULATE	Test2

TIME	12.857
SIM_END		Test2	12.856s	265.805m
APPLICATION	CarMaker 8.0.1 - Car_Generic #6010 (win64-8.0.1)
COMPILED	fh@obelix.ipg 2019-06-28 12:13:01
SIM_START	Test2	2020-06-09 19:59:22
TIME	0.000
SIMULATE	Test2

TIME	15.823
SIM_END		Test2	15.822s	364.578m
APPLICATION	CarMaker 8.0.1 - Car_Generic #6010 (win64-8.0.1)
COMPILED	fh@obelix.ipg 2019-06-28 12:13:01
SIM_START	Test2	2020-06-09 19:59:42
TIME	0.000
SIMULATE	Test2

TIME	15.823
SIM_END		Test2	15.822s	364.578m
APPLICATION	CarMaker 8.0.1 - Car_Generic #6010 (win64-8.0.1)
COMPILED	fh@obelix.ipg 2019-06-28 12:13:01
SIM_START	Test2	2020-06-09 20:00:42
TIME	0.000
SIMULATE	Test2

TIME	15.823
SIM_END		Test2	15.822s	364.578m
APPLICATION	CarMaker 8.0.1 - Car_Generic #6010 (win64-8.0.1)
COMPILED	fh@obelix.ipg 2019-06-28 12:13:01
SIM_START	Test2	2020-06-09 20:01:38
TIME	0.000
SIMULATE	Test2

TIME	15.823
SIM_END		Test2	15.822s	364.578m
APPLICATION	CarMaker 8.0.1 - Car_Generic #6010 (win64-8.0.1)
COMPILED	fh@obelix.ipg 2019-06-28 12:13:01
SIM_START	Test2	2020-06-09 20:02:40
TIME	0.000
SIMULATE	Test2

TIME	15.823
SIM_END		Test2	15.822s	364.578m
APPLICATION	CarMaker 8.0.1 - Car_Generic #6010 (win64-8.0.1)
COMPILED	fh@obelix.ipg 2019-06-28 12:13:01
SIM_START	Test2	2020-06-09 20:13:46
TIME	0.000
SIMULATE	Test2

TIME	15.823
SIM_END		Test2	15.822s	364.578m
APPLICATION	CarMaker 8.0.1 - Car_Generic #6010 (win64-8.0.1)
COMPILED	fh@obelix.ipg 2019-06-28 12:13:01
SIM_START	Test2	2020-06-09 20:13:58
TIME	0.000
SIMULATE	Test2

TIME	15.823
SIM_END		Test2	15.822s	364.578m
APPLICATION	CarMaker 8.0.1 - Car_Generic #6010 (win64-8.0.1)
COMPILED	fh@obelix.ipg 2019-06-28 12:13:01
SIM_START	Test2	2020-06-09 20:14:36
TIME	0.000
SIMULATE	Test2

TIME	15.823
SIM_END		Test2	15.822s	364.578m
APPLICATION	CarMaker 8.0.1 - Car_Generic #6010 (win64-8.0.1)
COMPILED	fh@obelix.ipg 2019-06-28 12:13:01
SIM_START	Test2	2020-06-09 20:29:04
TIME	0.000
SIMULATE	Test2

TIME	15.823
SIM_END		Test2	15.822s	364.578m
APPLICATION	CarMaker 8.0.1 - Car_Generic #6010 (win64-8.0.1)
COMPILED	fh@obelix.ipg 2019-06-28 12:13:01
SIM_START	Test2	2020-06-09 20:33:14
TIME	0.000
SIMULATE	Test2

TIME	15.823
SIM_END		Test2	15.822s	364.578m
APPLICATION	CarMaker 8.0.1 - Car_Generic #6010 (win64-8.0.1)
COMPILED	fh@obelix.ipg 2019-06-28 12:13:01
SIM_START	Test2	2020-06-09 20:37:02
TIME	0.000
SIMULATE	Test2

TIME	15.823
SIM_END		Test2	15.822s	364.578m
APPLICATION	CarMaker 8.0.1 - Car_Generic #6010 (win64-8.0.1)
COMPILED	fh@obelix.ipg 2019-06-28 12:13:01
SIM_START	Test2	2020-06-09 20:37:57
TIME	0.000
SIMULATE	Test2

TIME	18.209
SIM_END		Test2	18.208s	495.85m
APPLICATION	CarMaker 8.0.1 - Car_Generic #6010 (win64-8.0.1)
COMPILED	fh@obelix.ipg 2019-06-28 12:13:01
SIM_START	Test2	2020-06-09 20:38:39
TIME	0.000
SIMULATE	Test2

TIME	620.472
SIM_END		Test2	620.468s	0.000410204m
APPLICATION	CarMaker 8.0.1 - Car_Generic #6010 (win64-8.0.1)
COMPILED	fh@obelix.ipg 2019-06-28 12:13:01
SIM_START	Test2	2020-06-09 20:39:28
TIME	0.000
SIMULATE	Test2

TIME	15.823
SIM_END		Test2	15.822s	364.578m
APPLICATION	CarMaker 8.0.1 - Car_Generic #6010 (win64-8.0.1)
COMPILED	fh@obelix.ipg 2019-06-28 12:13:01
SIM_START	Test2	2020-06-09 20:40:23
TIME	0.000
SIMULATE	Test2

TIME	15.823
SIM_END		Test2	15.822s	364.578m
APPLICATION	CarMaker 8.0.1 - Car_Generic #6010 (win64-8.0.1)
COMPILED	fh@obelix.ipg 2019-06-28 12:13:01
SIM_START	Test2	2020-06-09 20:42:28
TIME	0.000
SIMULATE	Test2

TIME	15.823
SIM_END		Test2	15.822s	364.578m
APPLICATION	CarMaker 8.0.1 - Car_Generic #6010 (win64-8.0.1)
COMPILED	fh@obelix.ipg 2019-06-28 12:13:01
SIM_START	Test2	2020-06-09 20:43:17
TIME	0.000
SIMULATE	Test2

TIME	15.823
SIM_END		Test2	15.822s	364.578m
APPLICATION	CarMaker 8.0.1 - Car_Generic #6010 (win64-8.0.1)
COMPILED	fh@obelix.ipg 2019-06-28 12:13:01
SIM_START	Test2	2020-06-09 20:44:36
TIME	0.000
SIMULATE	Test2

TIME	20.163
SIM_END		Test2	20.162s	354.266m
APPLICATION	CarMaker 8.0.1 - Car_Generic #6010 (win64-8.0.1)
COMPILED	fh@obelix.ipg 2019-06-28 12:13:01
SIM_START	Test2	2020-06-09 20:44:48
TIME	0.000
SIMULATE	Test2

TIME	20.163
SIM_END		Test2	20.162s	354.266m
APPLICATION	CarMaker 8.0.1 - Car_Generic #6010 (win64-8.0.1)
COMPILED	fh@obelix.ipg 2019-06-28 12:13:01
SIM_START	Test2	2020-06-09 20:45:28
TIME	0.000
SIMULATE	Test2

TIME	20.958
SIM_END		Test2	20.957s	380.142m
APPLICATION	CarMaker 8.0.1 - Car_Generic #6010 (win64-8.0.1)
COMPILED	fh@obelix.ipg 2019-06-28 12:13:01
SIM_START	Test2	2020-06-09 20:46:06
TIME	0.000
SIMULATE	Test2

TIME	20.487
SIM_END		Test2	20.486s	385.444m
APPLICATION	CarMaker 8.0.1 - Car_Generic #6010 (win64-8.0.1)
COMPILED	fh@obelix.ipg 2019-06-28 12:13:01
SIM_START	Test2	2020-06-09 20:46:26
TIME	0.000
SIMULATE	Test2

TIME	20.487
SIM_END		Test2	20.486s	385.444m
APPLICATION	CarMaker 8.0.1 - Car_Generic #6010 (win64-8.0.1)
COMPILED	fh@obelix.ipg 2019-06-28 12:13:01
SIM_START	Test2	2020-06-09 20:46:54
TIME	0.000
SIMULATE	Test2

TIME	20.487
SIM_END		Test2	20.486s	385.444m
APPLICATION	CarMaker 8.0.1 - Car_Generic #6010 (win64-8.0.1)
COMPILED	fh@obelix.ipg 2019-06-28 12:13:01
SIM_START	Test2	2020-06-09 20:48:03
TIME	0.000
SIMULATE	Test2

TIME	20.487
SIM_END		Test2	20.486s	385.444m
APPLICATION	CarMaker 8.0.1 - Car_Generic #6010 (win64-8.0.1)
COMPILED	fh@obelix.ipg 2019-06-28 12:13:01
SIM_START	Test2	2020-06-09 20:51:26
TIME	0.000
SIMULATE	Test2

SIM_END		Test2	0s	0m
APPLICATION	CarMaker 8.0.1 - Car_Generic #6010 (win64-8.0.1)
COMPILED	fh@obelix.ipg 2019-06-28 12:13:01
SIM_START	Test2	2020-06-09 20:52:15
TIME	0.000
SIMULATE	Test2

TIME	20.522
SIM_END		Test2	20.521s	356.579m
APPLICATION	CarMaker 8.0.1 - Car_Generic #6010 (win64-8.0.1)
COMPILED	fh@obelix.ipg 2019-06-28 12:13:01
SIM_START	Test2	2020-06-09 20:55:53
TIME	0.000
SIMULATE	Test2

TIME	18.072
SIM_END		Test2	18.071s	495.842m
APPLICATION	CarMaker 8.0.1 - Car_Generic #6010 (win64-8.0.1)
COMPILED	fh@obelix.ipg 2019-06-28 12:13:01
SIM_START	Test2	2020-06-09 20:56:26
TIME	0.000
SIMULATE	Test2

TIME	18.072
SIM_END		Test2	18.071s	495.842m
APPLICATION	CarMaker 8.0.1 - Car_Generic #6010 (win64-8.0.1)
COMPILED	fh@obelix.ipg 2019-06-28 12:13:01
SIM_START	Test2	2020-06-09 20:56:44
TIME	0.000
SIMULATE	Test2

TIME	18.072
SIM_END		Test2	18.071s	495.842m
APPLICATION	CarMaker 8.0.1 - Car_Generic #6010 (win64-8.0.1)
COMPILED	fh@obelix.ipg 2019-06-28 12:13:01
SIM_START	Test2	2020-06-09 20:58:42
TIME	0.000
SIMULATE	Test2

TIME	15.039
SIM_END		Test2	15.038s	395.83m
APPLICATION	CarMaker 8.0.1 - Car_Generic #6010 (win64-8.0.1)
COMPILED	fh@obelix.ipg 2019-06-28 12:13:01
SIM_START	Test2	2020-06-09 21:00:06
TIME	0.000
SIMULATE	Test2

TIME	15.039
SIM_END		Test2	15.038s	395.83m
