APPLICATION	CarMaker 8.0.1 - Car_Generic #6010 (win64-8.0.1)
COMPILED	fh@obelix.ipg 2019-06-28 12:13:01
SIM_START	Test2	2020-06-27 10:45:54
TIME	0.000
SIMULATE	Test2

TIME	16.804
SIM_END		Test2	16.803s	378.892m
APPLICATION	CarMaker 8.0.1 - Car_Generic #6010 (win64-8.0.1)
COMPILED	fh@obelix.ipg 2019-06-28 12:13:01
SIM_START	Test2	2020-06-27 10:49:44
TIME	0.000
SIMULATE	Test2

TIME	16.029
SIM_END		Test2	16.028s	366.276m
APPLICATION	CarMaker 8.0.1 - Car_Generic #6010 (win64-8.0.1)
COMPILED	fh@obelix.ipg 2019-06-28 12:13:01
SIM_START	Test2	2020-06-27 10:52:08
TIME	0.000
SIMULATE	Test2

TIME	16.029
SIM_END		Test2	16.028s	366.276m
