

SYSTEM_START	-	Nikhil-Laptop	Nikhil-Laptop	2020-06-01 16:18:18


SYSTEM_INFO	CarMaker - SoftABS #6010	fh@obelix.ipg 2019-06-28 12:13:01	(8.0.1 fh@obelix.ipg 2019-06-28 12:12:42)
SIM	1591021101	Nikhil-Laptop	Nikhil	Examples/VehicleDynamics/Braking/BrakingMuSplit	0	38.958	712.33


SYSTEM_START	-	Nikhil-Laptop	Nikhil-Laptop	2020-06-01 16:20:00


SYSTEM_INFO	CarMaker - SoftABS #6010	fh@obelix.ipg 2019-06-28 12:13:01	(8.0.1 fh@obelix.ipg 2019-06-28 12:12:42)
SIM	1591021200	Nikhil-Laptop	Nikhil	Examples/VehicleDynamics/Braking/BrakingMuSplit	0	38.958	712.33


SYSTEM_START	-	Nikhil-Laptop	Nikhil-Laptop	2020-06-01 16:31:41


SYSTEM_INFO	CarMaker 8.0.1 - Car_Generic #6007	fh@obelix.ipg 2019-06-28 12:12:47	(8.0.1 fh@obelix.ipg 2019-06-28 12:12:42)
SIM	1591021904	Nikhil-Laptop			0	0	0
SIM	1591021906	Nikhil-Laptop	Nikhil	Examples/VehicleDynamics/Braking/Braking	0	42.883	671.368
SIM	1591021929	Nikhil-Laptop	Nikhil	Examples/VehicleDynamics/Braking/BrakingMuSplit	0	38.826	711.889
SIM	1591022003	Nikhil-Laptop	Nikhil	Examples/VehicleDynamics/Braking/BrakingMuSplit	0	38.826	711.889
SIM	1591022029	Nikhil-Laptop	Nikhil	Examples/VehicleDynamics/Braking/BrakingMuSplit	0	38.826	711.889


SYSTEM_START	-	Nikhil-Laptop	Nikhil-Laptop	2020-06-07 17:11:32


SYSTEM_INFO	CarMaker 8.0.1 - Car_Generic #6010	fh@obelix.ipg 2019-06-28 12:13:01	(8.0.1 fh@obelix.ipg 2019-06-28 12:12:42)
SIM	1591542694	Nikhil-Laptop	Nikhil	unknown	0	0	0


SYSTEM_START	-	Nikhil-Laptop	Nikhil-Laptop	2020-06-07 17:14:17


SYSTEM_INFO	CarMaker 8.0.1 - Car_Generic #6010	fh@obelix.ipg 2019-06-28 12:13:01	(8.0.1 fh@obelix.ipg 2019-06-28 12:12:42)
SIM	1591542857	Nikhil-Laptop	Nikhil	unknown	0	0	0


SYSTEM_START	-	Nikhil-Laptop	Nikhil-Laptop	2020-06-07 17:16:51


SYSTEM_INFO	CarMaker 8.0.1 - Car_Generic #6010	fh@obelix.ipg 2019-06-28 12:13:01	(8.0.1 fh@obelix.ipg 2019-06-28 12:12:42)
SIM	1591543011	Nikhil-Laptop	Nikhil	Test2	0	0	0


SYSTEM_START	-	Nikhil-Laptop	Nikhil-Laptop	2020-06-07 17:18:57


SYSTEM_INFO	CarMaker 8.0.1 - Car_Generic #6010	fh@obelix.ipg 2019-06-28 12:13:01	(8.0.1 fh@obelix.ipg 2019-06-28 12:12:42)
SIM	1591543137	Nikhil-Laptop	Nikhil	Test2	0	0	0


SYSTEM_START	-	Nikhil-Laptop	Nikhil-Laptop	2020-06-07 17:19:35


SYSTEM_INFO	CarMaker 8.0.1 - Car_Generic #6010	fh@obelix.ipg 2019-06-28 12:13:01	(8.0.1 fh@obelix.ipg 2019-06-28 12:12:42)
SIM	1591543175	Nikhil-Laptop	Nikhil	Test2	0	0	0


SYSTEM_START	-	Nikhil-Laptop	Nikhil-Laptop	2020-06-07 17:21:22


SYSTEM_INFO	CarMaker 8.0.1 - Car_Generic #6010	fh@obelix.ipg 2019-06-28 12:13:01	(8.0.1 fh@obelix.ipg 2019-06-28 12:12:42)
SIM	1591543282	Nikhil-Laptop	Nikhil	Test2	0	0	0


SYSTEM_START	-	Nikhil-Laptop	Nikhil-Laptop	2020-06-07 17:22:43


SYSTEM_INFO	CarMaker 8.0.1 - Car_Generic #6010	fh@obelix.ipg 2019-06-28 12:13:01	(8.0.1 fh@obelix.ipg 2019-06-28 12:12:42)
SIM	1591543363	Nikhil-Laptop	Nikhil	Test2	0	0	0


SYSTEM_START	-	Nikhil-Laptop	Nikhil-Laptop	2020-06-07 17:23:30


SYSTEM_INFO	CarMaker 8.0.1 - Car_Generic #6010	fh@obelix.ipg 2019-06-28 12:13:01	(8.0.1 fh@obelix.ipg 2019-06-28 12:12:42)
SIM	1591543410	Nikhil-Laptop	Nikhil	Test2	0	0	0


SYSTEM_START	-	Nikhil-Laptop	Nikhil-Laptop	2020-06-07 17:26:20


SYSTEM_INFO	CarMaker 8.0.1 - Car_Generic #6010	fh@obelix.ipg 2019-06-28 12:13:01	(8.0.1 fh@obelix.ipg 2019-06-28 12:12:42)
SIM	1591543580	Nikhil-Laptop	Nikhil	Test2	0	0	0


SYSTEM_START	-	Nikhil-Laptop	Nikhil-Laptop	2020-06-07 17:28:24


SYSTEM_INFO	CarMaker 8.0.1 - Car_Generic #6010	fh@obelix.ipg 2019-06-28 12:13:01	(8.0.1 fh@obelix.ipg 2019-06-28 12:12:42)
SIM	1591543704	Nikhil-Laptop	Nikhil	Test2	0	90.002	636.273


SYSTEM_START	-	Nikhil-Laptop	Nikhil-Laptop	2020-06-07 17:33:17


SYSTEM_INFO	CarMaker 8.0.1 - Car_Generic #6010	fh@obelix.ipg 2019-06-28 12:13:01	(8.0.1 fh@obelix.ipg 2019-06-28 12:12:42)
SIM	1591543997	Nikhil-Laptop	Nikhil	Test2	0	0	0


SYSTEM_START	-	Nikhil-Laptop	Nikhil-Laptop	2020-06-07 17:36:54


SYSTEM_INFO	CarMaker 8.0.1 - Car_Generic #6010	fh@obelix.ipg 2019-06-28 12:13:01	(8.0.1 fh@obelix.ipg 2019-06-28 12:12:42)
SIM	1591544214	Nikhil-Laptop	Nikhil	Test2	0	0	0


SYSTEM_START	-	Nikhil-Laptop	Nikhil-Laptop	2020-06-07 17:38:05


SYSTEM_INFO	CarMaker 8.0.1 - Car_Generic #6010	fh@obelix.ipg 2019-06-28 12:13:01	(8.0.1 fh@obelix.ipg 2019-06-28 12:12:42)
SIM	1591544285	Nikhil-Laptop	Nikhil	Test2	0	0	0


SYSTEM_START	-	Nikhil-Laptop	Nikhil-Laptop	2020-06-07 17:39:24


SYSTEM_INFO	CarMaker 8.0.1 - Car_Generic #6010	fh@obelix.ipg 2019-06-28 12:13:01	(8.0.1 fh@obelix.ipg 2019-06-28 12:12:42)
SIM	1591544364	Nikhil-Laptop	Nikhil	Test2	0	0.001	9.40468e-012


SYSTEM_START	-	Nikhil-Laptop	Nikhil-Laptop	2020-06-07 17:40:38


SYSTEM_INFO	CarMaker 8.0.1 - Car_Generic #6010	fh@obelix.ipg 2019-06-28 12:13:01	(8.0.1 fh@obelix.ipg 2019-06-28 12:12:42)
SIM	1591544438	Nikhil-Laptop	Nikhil	Test2	0	0.579	0.134234


SYSTEM_START	-	Nikhil-Laptop	Nikhil-Laptop	2020-06-07 17:41:38


SYSTEM_INFO	CarMaker 8.0.1 - Car_Generic #6010	fh@obelix.ipg 2019-06-28 12:13:01	(8.0.1 fh@obelix.ipg 2019-06-28 12:12:42)
SIM	1591544498	Nikhil-Laptop	Nikhil	Test2	0	0.579	0.134234


SYSTEM_START	-	Nikhil-Laptop	Nikhil-Laptop	2020-06-07 17:42:38


SYSTEM_INFO	CarMaker 8.0.1 - Car_Generic #6010	fh@obelix.ipg 2019-06-28 12:13:01	(8.0.1 fh@obelix.ipg 2019-06-28 12:12:42)
SIM	1591544559	Nikhil-Laptop	Nikhil	Test2	0	2.259	10.4409


SYSTEM_START	-	Nikhil-Laptop	Nikhil-Laptop	2020-06-07 17:45:02


SYSTEM_INFO	CarMaker 8.0.1 - Car_Generic #6010	fh@obelix.ipg 2019-06-28 12:13:01	(8.0.1 fh@obelix.ipg 2019-06-28 12:12:42)
SIM	1591544702	Nikhil-Laptop	Nikhil	Test2	0	2.259	10.4409


SYSTEM_START	-	Nikhil-Laptop	Nikhil-Laptop	2020-06-07 17:46:05


SYSTEM_INFO	CarMaker 8.0.1 - Car_Generic #6010	fh@obelix.ipg 2019-06-28 12:13:01	(8.0.1 fh@obelix.ipg 2019-06-28 12:12:42)
SIM	1591544765	Nikhil-Laptop	Nikhil	Test2	0	24.292	457.891


SYSTEM_START	-	Nikhil-Laptop	Nikhil-Laptop	2020-06-07 17:52:35


SYSTEM_INFO	CarMaker 8.0.1 - Car_Generic #6010	fh@obelix.ipg 2019-06-28 12:13:01	(8.0.1 fh@obelix.ipg 2019-06-28 12:12:42)
SIM	1591545156	Nikhil-Laptop	Nikhil	Test2	0	90.002	630.075


SYSTEM_START	-	Nikhil-Laptop	Nikhil-Laptop	2020-06-07 18:00:38


SYSTEM_INFO	CarMaker 8.0.1 - Car_Generic #6010	fh@obelix.ipg 2019-06-28 12:13:01	(8.0.1 fh@obelix.ipg 2019-06-28 12:12:42)
SIM	1591545638	Nikhil-Laptop	Nikhil	Test2	0	0	0


SYSTEM_START	-	Nikhil-Laptop	Nikhil-Laptop	2020-06-07 18:01:34


SYSTEM_INFO	CarMaker 8.0.1 - Car_Generic #6010	fh@obelix.ipg 2019-06-28 12:13:01	(8.0.1 fh@obelix.ipg 2019-06-28 12:12:42)
SIM	1591545694	Nikhil-Laptop	Nikhil	Test2	0	0	0


SYSTEM_START	-	Nikhil-Laptop	Nikhil-Laptop	2020-06-07 18:01:50


SYSTEM_INFO	CarMaker 8.0.1 - Car_Generic #6010	fh@obelix.ipg 2019-06-28 12:13:01	(8.0.1 fh@obelix.ipg 2019-06-28 12:12:42)
SIM	1591545711	Nikhil-Laptop	Nikhil	Test2	0	90.002	629.812


SYSTEM_START	-	Nikhil-Laptop	Nikhil-Laptop	2020-06-07 18:02:46


SYSTEM_INFO	CarMaker 8.0.1 - Car_Generic #6010	fh@obelix.ipg 2019-06-28 12:13:01	(8.0.1 fh@obelix.ipg 2019-06-28 12:12:42)
SIM	1591545766	Nikhil-Laptop	Nikhil	Test2	0	24.341	458.98


SYSTEM_START	-	Nikhil-Laptop	Nikhil-Laptop	2020-06-07 18:20:28


SYSTEM_INFO	CarMaker 8.0.1 - Car_Generic #6010	fh@obelix.ipg 2019-06-28 12:13:01	(8.0.1 fh@obelix.ipg 2019-06-28 12:12:42)
SIM	1591546828	Nikhil-Laptop	Nikhil	Test2	0	29.561	547.349


SYSTEM_START	-	Nikhil-Laptop	Nikhil-Laptop	2020-06-07 18:22:21


SYSTEM_INFO	CarMaker 8.0.1 - Car_Generic #6010	fh@obelix.ipg 2019-06-28 12:13:01	(8.0.1 fh@obelix.ipg 2019-06-28 12:12:42)
SIM	1591546941	Nikhil-Laptop	Nikhil	Test2	0	26.812	602.53


SYSTEM_START	-	Nikhil-Laptop	Nikhil-Laptop	2020-06-07 18:26:12


SYSTEM_INFO	CarMaker 8.0.1 - Car_Generic #6010	fh@obelix.ipg 2019-06-28 12:13:01	(8.0.1 fh@obelix.ipg 2019-06-28 12:12:42)
SIM	1591547172	Nikhil-Laptop	Nikhil	Test2	0	5.716	14.8477


SYSTEM_START	-	Nikhil-Laptop	Nikhil-Laptop	2020-06-07 18:27:00


SYSTEM_INFO	CarMaker 8.0.1 - Car_Generic #6010	fh@obelix.ipg 2019-06-28 12:13:01	(8.0.1 fh@obelix.ipg 2019-06-28 12:12:42)
SIM	1591547220	Nikhil-Laptop	Nikhil	Test2	0	242.445	0.0975066


SYSTEM_START	-	Nikhil-Laptop	Nikhil-Laptop	2020-06-07 18:27:22


SYSTEM_INFO	CarMaker 8.0.1 - Car_Generic #6010	fh@obelix.ipg 2019-06-28 12:13:01	(8.0.1 fh@obelix.ipg 2019-06-28 12:12:42)
SIM	1591547242	Nikhil-Laptop	Nikhil	Test2	0	5.363	12.4354


SYSTEM_START	-	Nikhil-Laptop	Nikhil-Laptop	2020-06-07 18:27:51


SYSTEM_INFO	CarMaker 8.0.1 - Car_Generic #6010	fh@obelix.ipg 2019-06-28 12:13:01	(8.0.1 fh@obelix.ipg 2019-06-28 12:12:42)
SIM	1591547271	Nikhil-Laptop	Nikhil	Test2	0	21.045	549.819


SYSTEM_START	-	Nikhil-Laptop	Nikhil-Laptop	2020-06-07 18:31:47


SYSTEM_INFO	CarMaker 8.0.1 - Car_Generic #6010	fh@obelix.ipg 2019-06-28 12:13:01	(8.0.1 fh@obelix.ipg 2019-06-28 12:12:42)
SIM	1591547508	Nikhil-Laptop	Nikhil	Test2	0	11.9	295.849


SYSTEM_START	-	Nikhil-Laptop	Nikhil-Laptop	2020-06-07 18:33:22


SYSTEM_INFO	CarMaker 8.0.1 - Car_Generic #6010	fh@obelix.ipg 2019-06-28 12:13:01	(8.0.1 fh@obelix.ipg 2019-06-28 12:12:42)
SIM	1591547602	Nikhil-Laptop	Nikhil	Test2	0	8.61	138.79


SYSTEM_START	-	Nikhil-Laptop	Nikhil-Laptop	2020-06-07 18:35:47


SYSTEM_INFO	CarMaker 8.0.1 - Car_Generic #6010	fh@obelix.ipg 2019-06-28 12:13:01	(8.0.1 fh@obelix.ipg 2019-06-28 12:12:42)
SIM	1591547747	Nikhil-Laptop	Nikhil	Test2	0	13.032	295.834


SYSTEM_START	-	Nikhil-Laptop	Nikhil-Laptop	2020-06-07 18:37:31


SYSTEM_INFO	CarMaker 8.0.1 - Car_Generic #6010	fh@obelix.ipg 2019-06-28 12:13:01	(8.0.1 fh@obelix.ipg 2019-06-28 12:12:42)
SIM	1591547851	Nikhil-Laptop	Nikhil	Test2	0	1.579	7.76111


SYSTEM_START	-	Nikhil-Laptop	Nikhil-Laptop	2020-06-08 11:39:49


SYSTEM_INFO	CarMaker 8.0.1 - Car_Generic #6010	fh@obelix.ipg 2019-06-28 12:13:01	(8.0.1 fh@obelix.ipg 2019-06-28 12:12:42)
SIM	1591609190	Nikhil-Laptop	Nikhil	Test2	2	6.081	103.755


SYSTEM_START	-	Nikhil-Laptop	Nikhil-Laptop	2020-06-08 11:43:15


SYSTEM_INFO	CarMaker 8.0.1 - Car_Generic #6010	fh@obelix.ipg 2019-06-28 12:13:01	(8.0.1 fh@obelix.ipg 2019-06-28 12:12:42)
SIM	1591609395	Nikhil-Laptop	Nikhil	Test2	0	7.7	134.286


SYSTEM_START	-	Nikhil-Laptop	Nikhil-Laptop	2020-06-08 11:45:03


SYSTEM_INFO	CarMaker 8.0.1 - Car_Generic #6010	fh@obelix.ipg 2019-06-28 12:13:01	(8.0.1 fh@obelix.ipg 2019-06-28 12:12:42)
SIM	1591609503	Nikhil-Laptop	Nikhil	Test2	0	8.454	138.678


SYSTEM_START	-	Nikhil-Laptop	Nikhil-Laptop	2020-06-08 11:47:13


SYSTEM_INFO	CarMaker 8.0.1 - Car_Generic #6010	fh@obelix.ipg 2019-06-28 12:13:01	(8.0.1 fh@obelix.ipg 2019-06-28 12:12:42)
SIM	1591609633	Nikhil-Laptop	Nikhil	Test2	0	8.664	138.833


SYSTEM_START	-	Nikhil-Laptop	Nikhil-Laptop	2020-06-08 11:49:23


SYSTEM_INFO	CarMaker 8.0.1 - Car_Generic #6010	fh@obelix.ipg 2019-06-28 12:13:01	(8.0.1 fh@obelix.ipg 2019-06-28 12:12:42)
SIM	1591609763	Nikhil-Laptop	Nikhil	Test2	0	8.664	138.833


SYSTEM_START	-	Nikhil-Laptop	Nikhil-Laptop	2020-06-08 11:51:45


SYSTEM_INFO	CarMaker 8.0.1 - Car_Generic #6010	fh@obelix.ipg 2019-06-28 12:13:01	(8.0.1 fh@obelix.ipg 2019-06-28 12:12:42)
SIM	1591609905	Nikhil-Laptop	Nikhil	Test2	0	8.663	138.791


SYSTEM_START	-	Nikhil-Laptop	Nikhil-Laptop	2020-06-08 11:53:05


SYSTEM_INFO	CarMaker 8.0.1 - Car_Generic #6010	fh@obelix.ipg 2019-06-28 12:13:01	(8.0.1 fh@obelix.ipg 2019-06-28 12:12:42)
SIM	1591609985	Nikhil-Laptop	Nikhil	Test2	0	0.784	1.49103


SYSTEM_START	-	Nikhil-Laptop	Nikhil-Laptop	2020-06-08 11:54:01


SYSTEM_INFO	CarMaker 8.0.1 - Car_Generic #6010	fh@obelix.ipg 2019-06-28 12:13:01	(8.0.1 fh@obelix.ipg 2019-06-28 12:12:42)
SIM	1591610041	Nikhil-Laptop	Nikhil	Test2	0	8.668	138.921


SYSTEM_START	-	Nikhil-Laptop	Nikhil-Laptop	2020-06-08 11:55:58


SYSTEM_INFO	CarMaker 8.0.1 - Car_Generic #6010	fh@obelix.ipg 2019-06-28 12:13:01	(8.0.1 fh@obelix.ipg 2019-06-28 12:12:42)
SIM	1591610158	Nikhil-Laptop	Nikhil	Test2	0	8.668	138.919


SYSTEM_START	-	Nikhil-Laptop	Nikhil-Laptop	2020-06-08 11:57:27


SYSTEM_INFO	CarMaker 8.0.1 - Car_Generic #6010	fh@obelix.ipg 2019-06-28 12:13:01	(8.0.1 fh@obelix.ipg 2019-06-28 12:12:42)
SIM	1591610247	Nikhil-Laptop	Nikhil	Test2	0	8.668	138.917


SYSTEM_START	-	Nikhil-Laptop	Nikhil-Laptop	2020-06-08 12:09:06


SYSTEM_INFO	CarMaker 8.0.1 - Car_Generic #6010	fh@obelix.ipg 2019-06-28 12:13:01	(8.0.1 fh@obelix.ipg 2019-06-28 12:12:42)
SIM	1591610946	Nikhil-Laptop	Nikhil	Test2	0	0	0


SYSTEM_START	-	Nikhil-Laptop	Nikhil-Laptop	2020-06-08 12:10:24


SYSTEM_INFO	CarMaker 8.0.1 - Car_Generic #6010	fh@obelix.ipg 2019-06-28 12:13:01	(8.0.1 fh@obelix.ipg 2019-06-28 12:12:42)
SIM	1591611024	Nikhil-Laptop	Nikhil	Test2	0	0	0


SYSTEM_START	-	Nikhil-Laptop	Nikhil-Laptop	2020-06-08 12:11:40


SYSTEM_INFO	CarMaker 8.0.1 - Car_Generic #6010	fh@obelix.ipg 2019-06-28 12:13:01	(8.0.1 fh@obelix.ipg 2019-06-28 12:12:42)
SIM	1591611100	Nikhil-Laptop	Nikhil	Test2	0	0	0
