APPLICATION	CarMaker 8.0.1 - Car_Generic #6010 (win64-8.0.1)
COMPILED	fh@obelix.ipg 2019-06-28 12:13:01
SIM_START	Test2	2020-06-15 10:39:37
TIME	0.000
SIMULATE	Test2

TIME	16.804
SIM_END		Test2	16.803s	378.892m
APPLICATION	CarMaker 8.0.1 - Car_Generic #6010 (win64-8.0.1)
COMPILED	fh@obelix.ipg 2019-06-28 12:13:01
SIM_START	Test2	2020-06-15 10:42:00
TIME	0.000
SIMULATE	Test2

TIME	16.804
SIM_END		Test2	16.803s	378.892m
APPLICATION	CarMaker 8.0.1 - Car_Generic #6010 (win64-8.0.1)
COMPILED	fh@obelix.ipg 2019-06-28 12:13:01
SIM_START	Test2	2020-06-15 10:44:01
TIME	0.000
SIMULATE	Test2

TIME	16.804
SIM_END		Test2	16.803s	378.892m
APPLICATION	CarMaker 8.0.1 - Car_Generic #6010 (win64-8.0.1)
COMPILED	fh@obelix.ipg 2019-06-28 12:13:01
SIM_START	Test2	2020-06-15 10:48:58
TIME	0.000
SIMULATE	Test2

TIME	16.029
SIM_END		Test2	16.028s	366.276m
APPLICATION	CarMaker 8.0.1 - Car_Generic #6010 (win64-8.0.1)
COMPILED	fh@obelix.ipg 2019-06-28 12:13:01
SIM_START	Test2	2020-06-15 10:50:52
TIME	0.000
SIMULATE	Test2

TIME	16.029
SIM_END		Test2	16.028s	366.276m
APPLICATION	CarMaker 8.0.1 - Car_Generic #6010 (win64-8.0.1)
COMPILED	fh@obelix.ipg 2019-06-28 12:13:01
SIM_START	Test2	2020-06-15 10:51:47
TIME	0.000
SIMULATE	Test2

TIME	19.759
SIM_END		Test2	19.758s	351.722m
APPLICATION	CarMaker 8.0.1 - Car_Generic #6010 (win64-8.0.1)
COMPILED	fh@obelix.ipg 2019-06-28 12:13:01
SIM_START	Test2	2020-06-15 10:55:48
TIME	0.000
SIMULATE	Test2

TIME	19.759
SIM_END		Test2	19.758s	351.722m
APPLICATION	CarMaker 8.0.1 - Car_Generic #6010 (win64-8.0.1)
COMPILED	fh@obelix.ipg 2019-06-28 12:13:01
SIM_START	Test2	2020-06-15 10:56:47
TIME	0.000
SIMULATE	Test2

TIME	13.474
ERROR		Wheelspeed too high of tire 3: +19127.671
SIM_ABORT	Test2	13.476s	336.688m
