APPLICATION	CarMaker 8.0.1 - Car_Generic #6010 (win64-8.0.1)
COMPILED	fh@obelix.ipg 2019-06-28 12:13:01
SIM_START	Test2	2020-06-11 16:17:47
TIME	0.000
SIMULATE	Test2

TIME	12.022
SIM_END		Test2	12.021s	295.896m
APPLICATION	CarMaker 8.0.1 - Car_Generic #6010 (win64-8.0.1)
COMPILED	fh@obelix.ipg 2019-06-28 12:13:01
SIM_START	Test2	2020-06-11 16:18:48
TIME	0.000
SIMULATE	Test2

TIME	12.022
SIM_END		Test2	12.021s	295.896m
APPLICATION	CarMaker 8.0.1 - Car_Generic #6010 (win64-8.0.1)
COMPILED	fh@obelix.ipg 2019-06-28 12:13:01
SIM_START	Test2	2020-06-11 16:19:05
TIME	0.000
SIMULATE	Test2

TIME	16.804
SIM_END		Test2	16.803s	378.892m
APPLICATION	CarMaker 8.0.1 - Car_Generic #6010 (win64-8.0.1)
COMPILED	fh@obelix.ipg 2019-06-28 12:13:01
SIM_START	Test2	2020-06-11 16:20:27
TIME	0.000
SIMULATE	Test2

TIME	12.021
SIM_END		Test2	12.02s	295.862m
APPLICATION	CarMaker 8.0.1 - Car_Generic #6010 (win64-8.0.1)
COMPILED	fh@obelix.ipg 2019-06-28 12:13:01
SIM_START	Test2	2020-06-11 16:23:34
TIME	0.000
SIMULATE	Test2

TIME	16.804
SIM_END		Test2	16.803s	378.892m
APPLICATION	CarMaker 8.0.1 - Car_Generic #6010 (win64-8.0.1)
COMPILED	fh@obelix.ipg 2019-06-28 12:13:01
SIM_START	Test2	2020-06-11 16:30:14
TIME	0.000
SIMULATE	Test2

TIME	13.474
ERROR		Wheelspeed too high of tire 3: +19068.783
SIM_ABORT	Test2	13.476s	336.688m
APPLICATION	CarMaker 8.0.1 - Car_Generic #6010 (win64-8.0.1)
COMPILED	fh@obelix.ipg 2019-06-28 12:13:01
SIM_START	Test2	2020-06-11 16:32:17
TIME	0.000
SIMULATE	Test2

TIME	22.783
SIM_END		Test2	22.782s	402.118m
APPLICATION	CarMaker 8.0.1 - Car_Generic #6010 (win64-8.0.1)
COMPILED	fh@obelix.ipg 2019-06-28 12:13:01
SIM_START	Test2	2020-06-11 16:33:15
TIME	0.000
SIMULATE	Test2

TIME	18.270
SIM_END		Test2	18.269s	402.526m
APPLICATION	CarMaker 8.0.1 - Car_Generic #6010 (win64-8.0.1)
COMPILED	fh@obelix.ipg 2019-06-28 12:13:01
SIM_START	Test2	2020-06-11 16:33:54
TIME	0.000
SIMULATE	Test2

TIME	18.270
SIM_END		Test2	18.269s	402.526m
APPLICATION	CarMaker 8.0.1 - Car_Generic #6010 (win64-8.0.1)
COMPILED	fh@obelix.ipg 2019-06-28 12:13:01
SIM_START	Test2	2020-06-11 16:34:40
TIME	0.000
SIMULATE	Test2

TIME	16.029
SIM_END		Test2	16.028s	366.276m
APPLICATION	CarMaker 8.0.1 - Car_Generic #6010 (win64-8.0.1)
COMPILED	fh@obelix.ipg 2019-06-28 12:13:01
SIM_START	Test2	2020-06-11 16:35:25
TIME	0.000
SIMULATE	Test2

TIME	19.759
SIM_END		Test2	19.758s	351.723m
APPLICATION	CarMaker 8.0.1 - Car_Generic #6010 (win64-8.0.1)
COMPILED	fh@obelix.ipg 2019-06-28 12:13:01
SIM_START	Test2	2020-06-11 16:37:12
TIME	0.000
SIMULATE	Test2

TIME	16.029
SIM_END		Test2	16.028s	366.276m
APPLICATION	CarMaker 8.0.1 - Car_Generic #6010 (win64-8.0.1)
COMPILED	fh@obelix.ipg 2019-06-28 12:13:01
SIM_START	Test2	2020-06-11 16:38:24
TIME	0.000
SIMULATE	Test2

TIME	16.029
SIM_END		Test2	16.028s	366.276m
APPLICATION	CarMaker 8.0.1 - Car_Generic #6010 (win64-8.0.1)
COMPILED	fh@obelix.ipg 2019-06-28 12:13:01
SIM_START	Test2	2020-06-11 16:39:34
TIME	0.000
SIMULATE	Test2

TIME	19.759
SIM_END		Test2	19.758s	351.723m
